{"timestamp":"2025-10-03T22:43:15.310208Z","level":"info","event":"DAG bundles loaded: dags-folder, example_dags","logger":"airflow.dag_processing.bundles.manager.DagBundlesManager","filename":"manager.py","lineno":179}
{"timestamp":"2025-10-03T22:43:15.315817Z","level":"info","event":"Filling up the DagBag from /opt/airflow/dags/example.py","logger":"airflow.models.dagbag.DagBag","filename":"dagbag.py","lineno":593}
{"timestamp":"2025-10-03T22:43:15.417984Z","level":"warning","event":"The `airflow.operators.bash.BashOperator` attribute is deprecated. Please use `'airflow.providers.standard.operators.bash.BashOperator'`.","category":"DeprecatedImportWarning","filename":"/opt/airflow/dags/example.py","lineno":3,"logger":"py.warnings"}
{"timestamp":"2025-10-03T22:43:16.111995Z","level":"info","event":"Task instance is in running state","logger":"task.stdout"}
{"timestamp":"2025-10-03T22:43:16.112585Z","level":"info","event":" Previous state of the Task instance: TaskInstanceState.QUEUED","logger":"task.stdout"}
{"timestamp":"2025-10-03T22:43:16.113150Z","level":"info","event":"Current task name:second_task","logger":"task.stdout"}
{"timestamp":"2025-10-03T22:43:16.113669Z","level":"info","event":"Dag name:01_example","logger":"task.stdout"}
{"timestamp":"2025-10-03T22:43:16.113063Z","level":"info","event":"Tmp dir root location: /tmp","logger":"airflow.task.hooks.airflow.providers.standard.hooks.subprocess.SubprocessHook","filename":"subprocess.py","lineno":78}
{"timestamp":"2025-10-03T22:43:16.115080Z","level":"info","event":"Running command: ['/usr/bin/bash', '-c', 'echo \"task 2 here\"']","logger":"airflow.task.hooks.airflow.providers.standard.hooks.subprocess.SubprocessHook","filename":"subprocess.py","lineno":88}
{"timestamp":"2025-10-03T22:43:16.129583Z","level":"info","event":"Output:","logger":"airflow.task.hooks.airflow.providers.standard.hooks.subprocess.SubprocessHook","filename":"subprocess.py","lineno":99}
{"timestamp":"2025-10-03T22:43:16.131113Z","level":"info","event":"task 2 here","logger":"airflow.task.hooks.airflow.providers.standard.hooks.subprocess.SubprocessHook","filename":"subprocess.py","lineno":106}
{"timestamp":"2025-10-03T22:43:16.131437Z","level":"info","event":"Command exited with return code 0","logger":"airflow.task.hooks.airflow.providers.standard.hooks.subprocess.SubprocessHook","filename":"subprocess.py","lineno":110}
{"timestamp":"2025-10-03T22:43:16.132487Z","level":"info","event":"Pushing xcom","ti":"RuntimeTaskInstance(id=UUID('0199ac3e-5a38-7f31-b678-a5ae5ad0e4cd'), task_id='second_task', dag_id='01_example', run_id='scheduled__2025-10-03T00:00:00+00:00', try_number=1, dag_version_id=UUID('0199ac3e-128d-7130-9528-b94e145c316d'), map_index=-1, hostname='2f3e17e91144', context_carrier={}, task=<Task(BashOperator): second_task>, bundle_instance=LocalDagBundle(name=dags-folder), max_tries=5, start_date=datetime.datetime(2025, 10, 3, 22, 43, 15, 197094, tzinfo=datetime.timezone.utc), end_date=None, state=<TaskInstanceState.RUNNING: 'running'>, is_mapped=False, rendered_map_index=None)","logger":"task","filename":"task_runner.py","lineno":1352}
{"timestamp":"2025-10-03T22:43:16.166434Z","level":"info","event":"Task instance in success state","logger":"task.stdout"}
{"timestamp":"2025-10-03T22:43:16.166940Z","level":"info","event":" Previous state of the Task instance: TaskInstanceState.RUNNING","logger":"task.stdout"}
{"timestamp":"2025-10-03T22:43:16.167408Z","level":"info","event":"Task operator:<Task(BashOperator): second_task>","logger":"task.stdout"}
{"timestamp":"2025-10-03T22:59:34.163217Z","level":"info","event":"DAG bundles loaded: dags-folder","logger":"airflow.dag_processing.bundles.manager.DagBundlesManager","filename":"manager.py","lineno":179}
{"timestamp":"2025-10-03T22:59:34.165246Z","level":"info","event":"Filling up the DagBag from /opt/airflow/dags/example.py","logger":"airflow.models.dagbag.DagBag","filename":"dagbag.py","lineno":593}
{"timestamp":"2025-10-03T22:59:34.181837Z","level":"warning","event":"The `airflow.operators.bash.BashOperator` attribute is deprecated. Please use `'airflow.providers.standard.operators.bash.BashOperator'`.","category":"DeprecatedImportWarning","filename":"/opt/airflow/dags/example.py","lineno":3,"logger":"py.warnings"}
{"timestamp":"2025-10-03T22:59:34.758359Z","level":"info","event":"Tmp dir root location: /tmp","logger":"airflow.task.hooks.airflow.providers.standard.hooks.subprocess.SubprocessHook","filename":"subprocess.py","lineno":78}
{"timestamp":"2025-10-03T22:59:34.759325Z","level":"info","event":"Running command: ['/usr/bin/bash', '-c', 'echo \"task 2 here\"']","logger":"airflow.task.hooks.airflow.providers.standard.hooks.subprocess.SubprocessHook","filename":"subprocess.py","lineno":88}
{"timestamp":"2025-10-03T22:59:34.777016Z","level":"info","event":"Output:","logger":"airflow.task.hooks.airflow.providers.standard.hooks.subprocess.SubprocessHook","filename":"subprocess.py","lineno":99}
{"timestamp":"2025-10-03T22:59:34.778579Z","level":"info","event":"task 2 here","logger":"airflow.task.hooks.airflow.providers.standard.hooks.subprocess.SubprocessHook","filename":"subprocess.py","lineno":106}
{"timestamp":"2025-10-03T22:59:34.778899Z","level":"info","event":"Command exited with return code 0","logger":"airflow.task.hooks.airflow.providers.standard.hooks.subprocess.SubprocessHook","filename":"subprocess.py","lineno":110}
{"timestamp":"2025-10-03T22:59:34.779729Z","level":"info","event":"Pushing xcom","ti":"RuntimeTaskInstance(id=UUID('0199ac4d-43e7-7023-a3da-c40cbad22891'), task_id='second_task', dag_id='01_example', run_id='scheduled__2025-10-03T00:00:00+00:00', try_number=1, dag_version_id=UUID('0199ac4c-83c7-7ec4-9859-0ff676388eae'), map_index=-1, hostname='1c4d6662c596', context_carrier={}, task=<Task(BashOperator): second_task>, bundle_instance=LocalDagBundle(name=dags-folder), max_tries=5, start_date=datetime.datetime(2025, 10, 3, 22, 59, 34, 126166, tzinfo=datetime.timezone.utc), end_date=None, state=<TaskInstanceState.RUNNING: 'running'>, is_mapped=False, rendered_map_index=None)","logger":"task","filename":"task_runner.py","lineno":1352}
