{"timestamp":"2025-10-03T22:43:13.760920Z","level":"info","event":"DAG bundles loaded: dags-folder, example_dags","logger":"airflow.dag_processing.bundles.manager.DagBundlesManager","filename":"manager.py","lineno":179}
{"timestamp":"2025-10-03T22:43:13.763056Z","level":"info","event":"Filling up the DagBag from /opt/airflow/dags/example.py","logger":"airflow.models.dagbag.DagBag","filename":"dagbag.py","lineno":593}
{"timestamp":"2025-10-03T22:43:13.786172Z","level":"warning","event":"The `airflow.operators.bash.BashOperator` attribute is deprecated. Please use `'airflow.providers.standard.operators.bash.BashOperator'`.","category":"DeprecatedImportWarning","filename":"/opt/airflow/dags/example.py","lineno":3,"logger":"py.warnings"}
{"timestamp":"2025-10-03T22:43:14.863083Z","level":"info","event":"Task instance is in running state","logger":"task.stdout"}
{"timestamp":"2025-10-03T22:43:14.863708Z","level":"info","event":" Previous state of the Task instance: TaskInstanceState.QUEUED","logger":"task.stdout"}
{"timestamp":"2025-10-03T22:43:14.864410Z","level":"info","event":"Current task name:first_task","logger":"task.stdout"}
{"timestamp":"2025-10-03T22:43:14.865028Z","level":"info","event":"Dag name:01_example","logger":"task.stdout"}
{"timestamp":"2025-10-03T22:43:14.864083Z","level":"info","event":"Tmp dir root location: /tmp","logger":"airflow.task.hooks.airflow.providers.standard.hooks.subprocess.SubprocessHook","filename":"subprocess.py","lineno":78}
{"timestamp":"2025-10-03T22:43:14.867253Z","level":"info","event":"Running command: ['/usr/bin/bash', '-c', 'echo \"hello world\"']","logger":"airflow.task.hooks.airflow.providers.standard.hooks.subprocess.SubprocessHook","filename":"subprocess.py","lineno":88}
{"timestamp":"2025-10-03T22:43:14.885056Z","level":"info","event":"Output:","logger":"airflow.task.hooks.airflow.providers.standard.hooks.subprocess.SubprocessHook","filename":"subprocess.py","lineno":99}
{"timestamp":"2025-10-03T22:43:14.889866Z","level":"info","event":"hello world","logger":"airflow.task.hooks.airflow.providers.standard.hooks.subprocess.SubprocessHook","filename":"subprocess.py","lineno":106}
{"timestamp":"2025-10-03T22:43:14.890185Z","level":"info","event":"Command exited with return code 0","logger":"airflow.task.hooks.airflow.providers.standard.hooks.subprocess.SubprocessHook","filename":"subprocess.py","lineno":110}
{"timestamp":"2025-10-03T22:43:14.891365Z","level":"info","event":"Pushing xcom","ti":"RuntimeTaskInstance(id=UUID('0199ac3e-5a37-70cf-b586-432110945ea7'), task_id='first_task', dag_id='01_example', run_id='scheduled__2025-10-03T00:00:00+00:00', try_number=1, dag_version_id=UUID('0199ac3e-128d-7130-9528-b94e145c316d'), map_index=-1, hostname='2f3e17e91144', context_carrier={}, task=<Task(BashOperator): first_task>, bundle_instance=LocalDagBundle(name=dags-folder), max_tries=5, start_date=datetime.datetime(2025, 10, 3, 22, 43, 11, 914632, tzinfo=datetime.timezone.utc), end_date=None, state=<TaskInstanceState.RUNNING: 'running'>, is_mapped=False, rendered_map_index=None)","logger":"task","filename":"task_runner.py","lineno":1352}
{"timestamp":"2025-10-03T22:43:14.938703Z","level":"info","event":"Task instance in success state","logger":"task.stdout"}
{"timestamp":"2025-10-03T22:43:14.939271Z","level":"info","event":" Previous state of the Task instance: TaskInstanceState.RUNNING","logger":"task.stdout"}
{"timestamp":"2025-10-03T22:43:14.939850Z","level":"info","event":"Task operator:<Task(BashOperator): first_task>","logger":"task.stdout"}
{"timestamp":"2025-10-03T22:59:31.167318Z","level":"info","event":"DAG bundles loaded: dags-folder","logger":"airflow.dag_processing.bundles.manager.DagBundlesManager","filename":"manager.py","lineno":179}
{"timestamp":"2025-10-03T22:59:31.169180Z","level":"info","event":"Filling up the DagBag from /opt/airflow/dags/example.py","logger":"airflow.models.dagbag.DagBag","filename":"dagbag.py","lineno":593}
{"timestamp":"2025-10-03T22:59:31.197525Z","level":"warning","event":"The `airflow.operators.bash.BashOperator` attribute is deprecated. Please use `'airflow.providers.standard.operators.bash.BashOperator'`.","category":"DeprecatedImportWarning","filename":"/opt/airflow/dags/example.py","lineno":3,"logger":"py.warnings"}
{"timestamp":"2025-10-03T22:59:33.600626Z","level":"info","event":"Tmp dir root location: /tmp","logger":"airflow.task.hooks.airflow.providers.standard.hooks.subprocess.SubprocessHook","filename":"subprocess.py","lineno":78}
{"timestamp":"2025-10-03T22:59:33.601749Z","level":"info","event":"Running command: ['/usr/bin/bash', '-c', 'echo \"hello world\"']","logger":"airflow.task.hooks.airflow.providers.standard.hooks.subprocess.SubprocessHook","filename":"subprocess.py","lineno":88}
{"timestamp":"2025-10-03T22:59:33.616542Z","level":"info","event":"Output:","logger":"airflow.task.hooks.airflow.providers.standard.hooks.subprocess.SubprocessHook","filename":"subprocess.py","lineno":99}
{"timestamp":"2025-10-03T22:59:33.619421Z","level":"info","event":"hello world","logger":"airflow.task.hooks.airflow.providers.standard.hooks.subprocess.SubprocessHook","filename":"subprocess.py","lineno":106}
{"timestamp":"2025-10-03T22:59:33.619807Z","level":"info","event":"Command exited with return code 0","logger":"airflow.task.hooks.airflow.providers.standard.hooks.subprocess.SubprocessHook","filename":"subprocess.py","lineno":110}
{"timestamp":"2025-10-03T22:59:33.620851Z","level":"info","event":"Pushing xcom","ti":"RuntimeTaskInstance(id=UUID('0199ac4d-43e6-7e7c-a9df-8c82de4ee387'), task_id='first_task', dag_id='01_example', run_id='scheduled__2025-10-03T00:00:00+00:00', try_number=1, dag_version_id=UUID('0199ac4c-83c7-7ec4-9859-0ff676388eae'), map_index=-1, hostname='1c4d6662c596', context_carrier={}, task=<Task(BashOperator): first_task>, bundle_instance=LocalDagBundle(name=dags-folder), max_tries=5, start_date=datetime.datetime(2025, 10, 3, 22, 59, 29, 179147, tzinfo=datetime.timezone.utc), end_date=None, state=<TaskInstanceState.RUNNING: 'running'>, is_mapped=False, rendered_map_index=None)","logger":"task","filename":"task_runner.py","lineno":1352}
